SF:lib/core/helpers/result.dart
DA:2,2
DA:7,2
DA:12,0
LF:3
LH:2
end_of_record
SF:lib/features/account/data/models/objects_model.dart
DA:3,0
DA:4,0
DA:6,0
DA:7,0
DA:14,1
DA:20,0
DA:21,0
DA:22,0
DA:23,0
DA:26,0
DA:27,0
DA:28,0
DA:29,0
DA:38,1
DA:44,0
DA:45,0
DA:46,0
DA:47,0
DA:50,0
DA:51,0
DA:52,0
DA:53,0
LF:22
LH:2
end_of_record
SF:lib/features/account/domain/entities/data_entity.dart
DA:5,1
LF:1
LH:1
end_of_record
SF:lib/features/account/domain/entities/user_account.dart
DA:8,1
DA:12,1
DA:13,1
DA:14,3
DA:15,2
DA:17,2
DA:18,6
DA:21,1
DA:22,1
DA:23,1
DA:24,1
DA:27,2
DA:29,1
DA:30,1
LF:14
LH:14
end_of_record
SF:lib/features/account/presentation/cubit/transactions/transactions_cubit.dart
DA:12,2
DA:16,1
DA:17,1
DA:20,1
DA:21,1
DA:22,1
DA:29,3
DA:30,2
DA:31,2
DA:32,1
DA:34,4
LF:11
LH:11
end_of_record
SF:lib/features/account/domain/entities/transaction_item_entity.dart
DA:5,1
LF:1
LH:1
end_of_record
SF:lib/di.dart
DA:5,0
DA:7,0
DA:8,0
DA:9,0
LF:4
LH:0
end_of_record
SF:lib/core/helpers/double_formatter.dart
DA:4,1
DA:5,3
LF:2
LH:2
end_of_record
SF:lib/features/account/data/datasources/remote/objects_service_api.dart
DA:11,0
DA:13,0
DA:16,0
DA:17,0
DA:18,0
DA:19,0
DA:20,0
DA:21,0
DA:25,0
DA:27,0
DA:28,0
DA:29,0
DA:31,0
DA:34,0
DA:38,0
DA:41,0
DA:42,0
DA:45,0
DA:46,0
DA:47,0
DA:49,0
DA:51,0
DA:52,0
DA:53,0
DA:55,0
DA:59,0
LF:26
LH:0
end_of_record
SF:lib/features/account/data/repositories/objects_respository_impl.dart
DA:13,0
DA:15,0
DA:16,0
DA:17,0
DA:19,0
DA:20,0
DA:21,0
DA:22,0
DA:23,0
DA:27,0
DA:29,0
DA:32,0
DA:34,0
DA:35,0
DA:36,0
DA:37,0
DA:38,0
DA:39,0
DA:42,0
DA:44,0
LF:20
LH:0
end_of_record
SF:lib/features/account/domain/usecases/object_add_usecase.dart
DA:10,1
DA:12,1
DA:15,2
DA:18,0
LF:4
LH:3
end_of_record
SF:lib/features/account/domain/usecases/objects_usecase.dart
DA:10,1
DA:12,1
DA:16,2
DA:20,0
LF:4
LH:3
end_of_record
SF:lib/features/account/presentation/cubit/account/account_cubit.dart
DA:13,2
DA:18,1
DA:19,1
DA:20,1
DA:23,1
DA:24,4
DA:26,1
DA:28,2
DA:29,4
DA:37,3
DA:38,2
DA:39,1
DA:41,1
DA:42,1
DA:43,1
DA:44,1
DA:45,1
DA:46,4
DA:47,3
DA:48,3
DA:50,4
DA:56,0
DA:57,0
DA:60,0
DA:62,4
LF:25
LH:22
end_of_record
SF:lib/features/account/presentation/cubit/send_amount/send_amount_cubit.dart
DA:15,2
DA:20,1
DA:21,1
DA:22,1
DA:25,1
DA:26,4
DA:28,1
DA:30,2
DA:31,4
DA:33,1
DA:34,3
DA:39,1
DA:42,1
DA:43,3
DA:49,2
DA:50,1
DA:52,1
DA:53,1
DA:54,1
DA:55,4
DA:58,0
DA:60,0
DA:64,0
DA:67,0
LF:24
LH:20
end_of_record
